{
  "stats": {
    "suites": 1,
    "tests": 8,
    "passes": 8,
    "pending": 0,
    "failures": 0,
    "start": "2021-05-05T08:15:58.327Z",
    "end": "2021-05-05T08:16:03.572Z",
    "duration": 5245,
    "testsRegistered": 8,
    "passPercent": 100,
    "pendingPercent": 0,
    "other": 0,
    "hasOther": false,
    "skipped": 0,
    "hasSkipped": false
  },
  "results": [
    {
      "uuid": "f88f828e-a415-44d5-a320-4cbd35f3dd21",
      "title": "",
      "fullFile": "cypress/integration/page.spec.js",
      "file": "cypress/integration/page.spec.js",
      "beforeHooks": [],
      "afterHooks": [],
      "tests": [],
      "suites": [
        {
          "uuid": "8d0770c6-1483-423b-853a-ed341bcb0040",
          "title": "Rendering Main Page",
          "fullFile": "",
          "file": "",
          "beforeHooks": [],
          "afterHooks": [],
          "tests": [
            {
              "title": "Renders The App Correctly",
              "fullTitle": "Rendering Main Page Renders The App Correctly",
              "timedOut": null,
              "duration": 824,
              "state": "passed",
              "speed": "slow",
              "pass": true,
              "fail": false,
              "pending": false,
              "context": null,
              "code": "cy.get(\".App\").should(\"exist\");",
              "err": {},
              "uuid": "922a6ca4-3b5e-4173-af2a-87148616e298",
              "parentUUID": "8d0770c6-1483-423b-853a-ed341bcb0040",
              "isHook": false,
              "skipped": false
            },
            {
              "title": "Renders the Credit Card display",
              "fullTitle": "Rendering Main Page Renders the Credit Card display",
              "timedOut": null,
              "duration": 687,
              "state": "passed",
              "speed": "slow",
              "pass": true,
              "fail": false,
              "pending": false,
              "context": null,
              "code": "cy.get(\"[data-testid=cardFrontComponent]\").should(\"exist\");\ncy.get(\"[data-testid=cardBackComponent]\").should(\"exist\");",
              "err": {},
              "uuid": "7f2ec38b-6bec-4d51-b8fe-abc08d571e83",
              "parentUUID": "8d0770c6-1483-423b-853a-ed341bcb0040",
              "isHook": false,
              "skipped": false
            },
            {
              "title": "Getting Formatted Card number when typing in input Field",
              "fullTitle": "Rendering Main Page Getting Formatted Card number when typing in input Field",
              "timedOut": null,
              "duration": 746,
              "state": "passed",
              "speed": "slow",
              "pass": true,
              "fail": false,
              "pending": false,
              "context": null,
              "code": "const tvIn = '4756456548781234';\nconst tvOut = '4756 4565 4878 1234';\ncy.get('[data-testid=\"cardnumberInput\"]').type(tvIn).should('have.value', tvOut);",
              "err": {},
              "uuid": "4d8ebaa3-34f7-438e-90ee-cd65de728429",
              "parentUUID": "8d0770c6-1483-423b-853a-ed341bcb0040",
              "isHook": false,
              "skipped": false
            },
            {
              "title": "Getting Masked Card number when typing in input Field",
              "fullTitle": "Rendering Main Page Getting Masked Card number when typing in input Field",
              "timedOut": null,
              "duration": 852,
              "state": "passed",
              "speed": "slow",
              "pass": true,
              "fail": false,
              "pending": false,
              "context": null,
              "code": "const tvIn = '4756456548781234';\nconst tvOut = '4756 **** **** 1234';\ncy.get('[data-testid=\"cardnumberInput\"]').type(tvIn).get('[data-testid=\"cardnumberDisplay\"] > h3').contains(tvOut);",
              "err": {},
              "uuid": "6cd35608-396d-495b-bb4d-2660ecd215e5",
              "parentUUID": "8d0770c6-1483-423b-853a-ed341bcb0040",
              "isHook": false,
              "skipped": false
            },
            {
              "title": "Getting Card Provider based on typed card number",
              "fullTitle": "Rendering Main Page Getting Card Provider based on typed card number",
              "timedOut": null,
              "duration": 887,
              "state": "passed",
              "speed": "slow",
              "pass": true,
              "fail": false,
              "pending": false,
              "context": null,
              "code": "const tvIn = '4756456548781234';\nconst tvOut = 'visa';\ncy.get('[data-testid=\"cardnumberInput\"]').type(tvIn).get('[data-testid=\"cardProviderImage\"]').invoke('attr', 'src').should('contain', 'visa');",
              "err": {},
              "uuid": "54478875-718f-447b-8e50-a0ac922da81f",
              "parentUUID": "8d0770c6-1483-423b-853a-ed341bcb0040",
              "isHook": false,
              "skipped": false
            },
            {
              "title": "Focusing on Card Number section when clicked in cardnumber field",
              "fullTitle": "Rendering Main Page Focusing on Card Number section when clicked in cardnumber field",
              "timedOut": null,
              "duration": 353,
              "state": "passed",
              "speed": "slow",
              "pass": true,
              "fail": false,
              "pending": false,
              "context": null,
              "code": "cy.get('[data-testid=\"cardnumberInput\"]').click().get('[data-testid=\"cardnumberDisplay\"]').should('have.class', 'CardNumber_Focus__3mWQ_');",
              "err": {},
              "uuid": "9bd37f12-131d-49ae-956c-139f0df40b82",
              "parentUUID": "8d0770c6-1483-423b-853a-ed341bcb0040",
              "isHook": false,
              "skipped": false
            },
            {
              "title": "Getting maskd CVV",
              "fullTitle": "Rendering Main Page Getting maskd CVV",
              "timedOut": null,
              "duration": 493,
              "state": "passed",
              "speed": "slow",
              "pass": true,
              "fail": false,
              "pending": false,
              "context": null,
              "code": "const tvIn = '1234';\nconst tvOut = '****';\ncy.get('[data-testid=\"cardCvvInput\"]').type(tvIn).get('[data-testid=\"cardCvvComponent\"] > span').should('contain', tvOut);",
              "err": {},
              "uuid": "362f1715-e2bc-4a46-ac30-522e8d225ceb",
              "parentUUID": "8d0770c6-1483-423b-853a-ed341bcb0040",
              "isHook": false,
              "skipped": false
            },
            {
              "title": "Getting Validation Error when trying to submit with empty name",
              "fullTitle": "Rendering Main Page Getting Validation Error when trying to submit with empty name",
              "timedOut": null,
              "duration": 266,
              "state": "passed",
              "speed": "slow",
              "pass": true,
              "fail": false,
              "pending": false,
              "context": null,
              "code": "cy.get('[data-testid=\"cardInfoForm\"]').submit().get('[data-testid=\"cardHolderInput\"]').then($chi => {\n  if ($chi.val == '') {\n    cy.get($chi).siblings('span').contains('Card Holder Name Cannot be empty');\n  }\n});",
              "err": {},
              "uuid": "599f06e3-8ac7-423e-be3b-639c9b424066",
              "parentUUID": "8d0770c6-1483-423b-853a-ed341bcb0040",
              "isHook": false,
              "skipped": false
            }
          ],
          "suites": [],
          "passes": [
            "922a6ca4-3b5e-4173-af2a-87148616e298",
            "7f2ec38b-6bec-4d51-b8fe-abc08d571e83",
            "4d8ebaa3-34f7-438e-90ee-cd65de728429",
            "6cd35608-396d-495b-bb4d-2660ecd215e5",
            "54478875-718f-447b-8e50-a0ac922da81f",
            "9bd37f12-131d-49ae-956c-139f0df40b82",
            "362f1715-e2bc-4a46-ac30-522e8d225ceb",
            "599f06e3-8ac7-423e-be3b-639c9b424066"
          ],
          "failures": [],
          "pending": [],
          "skipped": [],
          "duration": 5108,
          "root": false,
          "rootEmpty": false,
          "_timeout": 2000
        }
      ],
      "passes": [],
      "failures": [],
      "pending": [],
      "skipped": [],
      "duration": 0,
      "root": true,
      "rootEmpty": true,
      "_timeout": 2000
    }
  ],
  "meta": {
    "mocha": {
      "version": "7.0.1"
    },
    "mochawesome": {
      "options": {
        "quiet": false,
        "reportFilename": "mochawesome",
        "saveHtml": true,
        "saveJson": true,
        "consoleReporter": "spec",
        "useInlineDiffs": false,
        "code": true
      },
      "version": "6.2.2"
    },
    "marge": {
      "options": {
        "reportDir": "cypress/results",
        "overwrite": true,
        "html": true,
        "json": true
      },
      "version": "5.2.0"
    }
  }
}